c:\users\igor8\desktop\finalproj6\engine3d\debug\engine3d.pdb
c:\users\igor8\desktop\finalproj6\engine3d\debug\engine3d.idb
c:\users\igor8\desktop\finalproj6\engine3d\debug\texture.obj
c:\users\igor8\desktop\finalproj6\engine3d\debug\shape.obj
c:\users\igor8\desktop\finalproj6\engine3d\debug\shader.obj
c:\users\igor8\desktop\finalproj6\engine3d\debug\scene.obj
c:\users\igor8\desktop\finalproj6\engine3d\debug\obj_loader.obj
c:\users\igor8\desktop\finalproj6\engine3d\debug\movableglm.obj
c:\users\igor8\desktop\finalproj6\engine3d\debug\mesh.obj
c:\users\igor8\desktop\finalproj6\engine3d\debug\linemesh.obj
c:\users\igor8\desktop\finalproj6\engine3d\debug\kdtree.obj
c:\users\igor8\desktop\finalproj6\engine3d\debug\imgui_impl_glfw_gl3.obj
c:\users\igor8\desktop\finalproj6\engine3d\debug\imgui_draw.obj
c:\users\igor8\desktop\finalproj6\engine3d\debug\imgui_demo.obj
c:\users\igor8\desktop\finalproj6\engine3d\debug\imgui.obj
c:\users\igor8\desktop\finalproj6\engine3d\debug\eulerangles.obj
c:\users\igor8\desktop\finalproj6\engine3d\debug\curves.obj
c:\users\igor8\desktop\finalproj6\engine3d\debug\stb_image.obj
c:\users\igor8\desktop\finalproj6\debug\engine3d.lib
c:\users\igor8\desktop\finalproj6\debug\engine3d.pdb
c:\users\igor8\desktop\finalproj6\engine3d\debug\engine3d.tlog\cl.command.1.tlog
c:\users\igor8\desktop\finalproj6\engine3d\debug\engine3d.tlog\cl.read.1.tlog
c:\users\igor8\desktop\finalproj6\engine3d\debug\engine3d.tlog\cl.write.1.tlog
c:\users\igor8\desktop\finalproj6\engine3d\debug\engine3d.tlog\lib-link.read.1.tlog
c:\users\igor8\desktop\finalproj6\engine3d\debug\engine3d.tlog\lib-link.write.1.tlog
c:\users\igor8\desktop\finalproj6\engine3d\debug\engine3d.tlog\lib.command.1.tlog
