  curves.cpp
c:\users\igor8\desktop\opengl-3dsnake\curves.cpp(356): fatal error C1010: unexpected end of file while looking for precompiled header. Did you forget to add '#include "stdafx.h"' to your source?
  display.cpp
c:\users\igor8\desktop\opengl-3dsnake\display.cpp(63): fatal error C1010: unexpected end of file while looking for precompiled header. Did you forget to add '#include "stdafx.h"' to your source?
  EulerAngles.cpp
c:\users\igor8\desktop\opengl-3dsnake\eulerangles.cpp(190): fatal error C1010: unexpected end of file while looking for precompiled header. Did you forget to add '#include "stdafx.h"' to your source?
  imgui.cpp
c:\users\igor8\desktop\opengl-3dsnake\gui\imgui.cpp(707): warning C4005: 'IMGUI_CDECL': macro redefinition
  c:\users\igor8\desktop\opengl-3dsnake\gui\imgui.cpp(705): note: see previous definition of 'IMGUI_CDECL'
c:\users\igor8\desktop\opengl-3dsnake\gui\imgui.cpp(13372): fatal error C1010: unexpected end of file while looking for precompiled header. Did you forget to add '#include "stdafx.h"' to your source?
  imgui_demo.cpp
c:\users\igor8\desktop\opengl-3dsnake\gui\imgui_demo.cpp(63): warning C4005: 'IM_NEWLINE': macro redefinition
  c:\users\igor8\desktop\opengl-3dsnake\gui\imgui_demo.cpp(61): note: see previous definition of 'IM_NEWLINE'
c:\users\igor8\desktop\opengl-3dsnake\gui\imgui_demo.cpp(3194): fatal error C1010: unexpected end of file while looking for precompiled header. Did you forget to add '#include "stdafx.h"' to your source?
  imgui_draw.cpp
c:\users\igor8\desktop\opengl-3dsnake\gui\imgui_draw.cpp(100): error C2006: '#include': expected a filename, found 'identifier'
c:\users\igor8\desktop\opengl-3dsnake\gui\imgui_draw.cpp(115): error C2006: '#include': expected a filename, found 'identifier'
c:\users\igor8\desktop\opengl-3dsnake\gui\imgui_draw.cpp(2972): fatal error C1010: unexpected end of file while looking for precompiled header. Did you forget to add '#include "stdafx.h"' to your source?
  imgui_impl_glfw_gl3.cpp
c:\users\igor8\desktop\opengl-3dsnake\gui\imgui_impl_glfw_gl3.cpp(531): fatal error C1010: unexpected end of file while looking for precompiled header. Did you forget to add '#include "stdafx.h"' to your source?
  IK.cpp
c:\users\igor8\desktop\opengl-3dsnake\ik.cpp(398): fatal error C1010: unexpected end of file while looking for precompiled header. Did you forget to add '#include "stdafx.h"' to your source?
  kdtree.cpp
c:\users\igor8\desktop\opengl-3dsnake\kdtree.cpp(385): fatal error C1010: unexpected end of file while looking for precompiled header. Did you forget to add '#include "stdafx.h"' to your source?
  Level.cpp
c:\users\igor8\desktop\opengl-3dsnake\level.cpp(681): fatal error C1010: unexpected end of file while looking for precompiled header. Did you forget to add '#include "stdafx.h"' to your source?
  lineMesh.cpp
c:\users\igor8\desktop\opengl-3dsnake\linemesh.cpp(68): fatal error C1010: unexpected end of file while looking for precompiled header. Did you forget to add '#include "stdafx.h"' to your source?
  main.cpp
c:\users\igor8\desktop\opengl-3dsnake\main.cpp(369): fatal error C1010: unexpected end of file while looking for precompiled header. Did you forget to add '#include "stdafx.h"' to your source?
  mesh.cpp
c:\users\igor8\desktop\opengl-3dsnake\mesh.cpp(105): fatal error C1010: unexpected end of file while looking for precompiled header. Did you forget to add '#include "stdafx.h"' to your source?
  MovableGLM.cpp
c:\users\igor8\desktop\opengl-3dsnake\movableglm.cpp(215): fatal error C1010: unexpected end of file while looking for precompiled header. Did you forget to add '#include "stdafx.h"' to your source?
  obj_loader.cpp
c:\users\igor8\desktop\opengl-3dsnake\obj_loader.cpp(429): fatal error C1010: unexpected end of file while looking for precompiled header. Did you forget to add '#include "stdafx.h"' to your source?
  RubicsCube.cpp
c:\users\igor8\desktop\opengl-3dsnake\rubicscube.cpp(244): fatal error C1010: unexpected end of file while looking for precompiled header. Did you forget to add '#include "stdafx.h"' to your source?
  scene.cpp
c:\users\igor8\desktop\opengl-3dsnake\scene.cpp(881): fatal error C1010: unexpected end of file while looking for precompiled header. Did you forget to add '#include "stdafx.h"' to your source?
  shader.cpp
c:\users\igor8\desktop\opengl-3dsnake\shader.cpp(194): fatal error C1010: unexpected end of file while looking for precompiled header. Did you forget to add '#include "stdafx.h"' to your source?
  shape.cpp
c:\users\igor8\desktop\opengl-3dsnake\shape.cpp(427): fatal error C1010: unexpected end of file while looking for precompiled header. Did you forget to add '#include "stdafx.h"' to your source?
  solver.cpp
c:\users\igor8\desktop\opengl-3dsnake\solver.cpp(17): fatal error C1010: unexpected end of file while looking for precompiled header. Did you forget to add '#include "stdafx.h"' to your source?
  Generating Code...
  Compiling...
  texture.cpp
c:\users\igor8\desktop\opengl-3dsnake\texture.cpp(36): fatal error C1010: unexpected end of file while looking for precompiled header. Did you forget to add '#include "stdafx.h"' to your source?
  Generating Code...
