  main.cpp
c:\users\david\documents\finalproj6\display\inputmanager.h(170): warning C4244: 'argument': conversion from 'const float' to 'int', possible loss of data
c:\program files (x86)\windows kits\10\include\10.0.16299.0\shared\minwindef.h(130): warning C4005: 'APIENTRY': macro redefinition
  c:\users\david\documents\finalproj6\ik\res\includes\glfw\glfw3.h(98): note: see previous definition of 'APIENTRY'
c:\users\david\documents\finalproj6\ik\main.cpp(128): warning C4244: 'argument': conversion from 'const int' to 'float', possible loss of data
LINK : warning LNK4098: defaultlib 'MSVCRT' conflicts with use of other libs; use /NODEFAULTLIB:library
MSVCRTD.lib(initializers.obj) : warning LNK4098: defaultlib 'libcmt.lib' conflicts with use of other libs; use /NODEFAULTLIB:library
engine3D.lib(imgui_impl_glfw_gl3.obj) : warning LNK4049: locally defined symbol ___glewActiveTexture imported
engine3D.lib(imgui_impl_glfw_gl3.obj) : warning LNK4049: locally defined symbol ___glewBlendEquation imported
engine3D.lib(imgui_impl_glfw_gl3.obj) : warning LNK4049: locally defined symbol ___glewBlendFuncSeparate imported
engine3D.lib(imgui_impl_glfw_gl3.obj) : warning LNK4049: locally defined symbol ___glewBindBuffer imported
engine3D.lib(imgui_impl_glfw_gl3.obj) : warning LNK4049: locally defined symbol ___glewBufferData imported
engine3D.lib(imgui_impl_glfw_gl3.obj) : warning LNK4049: locally defined symbol ___glewDeleteBuffers imported
engine3D.lib(imgui_impl_glfw_gl3.obj) : warning LNK4049: locally defined symbol ___glewGenBuffers imported
engine3D.lib(imgui_impl_glfw_gl3.obj) : warning LNK4049: locally defined symbol ___glewAttachShader imported
engine3D.lib(imgui_impl_glfw_gl3.obj) : warning LNK4049: locally defined symbol ___glewBlendEquationSeparate imported
engine3D.lib(imgui_impl_glfw_gl3.obj) : warning LNK4049: locally defined symbol ___glewCompileShader imported
engine3D.lib(imgui_impl_glfw_gl3.obj) : warning LNK4049: locally defined symbol ___glewCreateProgram imported
engine3D.lib(imgui_impl_glfw_gl3.obj) : warning LNK4049: locally defined symbol ___glewCreateShader imported
engine3D.lib(imgui_impl_glfw_gl3.obj) : warning LNK4049: locally defined symbol ___glewDeleteProgram imported
engine3D.lib(imgui_impl_glfw_gl3.obj) : warning LNK4049: locally defined symbol ___glewDeleteShader imported
engine3D.lib(imgui_impl_glfw_gl3.obj) : warning LNK4049: locally defined symbol ___glewDetachShader imported
engine3D.lib(imgui_impl_glfw_gl3.obj) : warning LNK4049: locally defined symbol ___glewEnableVertexAttribArray imported
engine3D.lib(imgui_impl_glfw_gl3.obj) : warning LNK4049: locally defined symbol ___glewGetAttribLocation imported
engine3D.lib(imgui_impl_glfw_gl3.obj) : warning LNK4049: locally defined symbol ___glewGetUniformLocation imported
engine3D.lib(imgui_impl_glfw_gl3.obj) : warning LNK4049: locally defined symbol ___glewLinkProgram imported
engine3D.lib(imgui_impl_glfw_gl3.obj) : warning LNK4049: locally defined symbol ___glewShaderSource imported
engine3D.lib(imgui_impl_glfw_gl3.obj) : warning LNK4049: locally defined symbol ___glewUniform1i imported
engine3D.lib(imgui_impl_glfw_gl3.obj) : warning LNK4049: locally defined symbol ___glewUniformMatrix4fv imported
engine3D.lib(imgui_impl_glfw_gl3.obj) : warning LNK4049: locally defined symbol ___glewUseProgram imported
engine3D.lib(imgui_impl_glfw_gl3.obj) : warning LNK4049: locally defined symbol ___glewVertexAttribPointer imported
engine3D.lib(imgui_impl_glfw_gl3.obj) : warning LNK4049: locally defined symbol ___glewBindSampler imported
engine3D.lib(imgui_impl_glfw_gl3.obj) : warning LNK4049: locally defined symbol ___glewBindVertexArray imported
engine3D.lib(imgui_impl_glfw_gl3.obj) : warning LNK4049: locally defined symbol ___glewDeleteVertexArrays imported
engine3D.lib(imgui_impl_glfw_gl3.obj) : warning LNK4049: locally defined symbol ___glewGenVertexArrays imported
glew32s.lib(glew.obj) : warning LNK4099: PDB 'vc100.pdb' was not found with 'glew32s.lib(glew.obj)' or at 'C:\Users\David\Documents\finalproj6\Debug\vc100.pdb'; linking object as if no debug info
  IK.vcxproj -> C:\Users\David\Documents\finalproj6\Debug\IK.exe
